<?xml version="1.0" encoding="UTF-8"?>
<testng-results ignored="0" total="1" passed="1" failed="0" skipped="0">
  <reporter-output>
  </reporter-output>
  <suite started-at="2025-09-01T12:52:35 IST" name="Functional Testing" finished-at="2025-09-01T12:54:00 IST" duration-ms="84658">
    <groups>
    </groups>
    <test started-at="2025-09-01T12:52:35 IST" name="Functional Testing" finished-at="2025-09-01T12:54:00 IST" duration-ms="84658">
      <class name="testNG.Hotelbooking">
        <test-method is-config="true" signature="beforeSuite()[pri:0, instance:testNG.Hotelbooking@6c1a5b54]" started-at="2025-09-01T12:52:35 IST" name="beforeSuite" finished-at="2025-09-01T12:52:35 IST" duration-ms="33" status="PASS">
          <reporter-output>
          </reporter-output>
        </test-method> <!-- beforeSuite -->
        <test-method is-config="true" signature="beforeTest()[pri:0, instance:testNG.Hotelbooking@6c1a5b54]" started-at="2025-09-01T12:52:35 IST" name="beforeTest" finished-at="2025-09-01T12:52:35 IST" duration-ms="0" status="PASS">
          <reporter-output>
          </reporter-output>
        </test-method> <!-- beforeTest -->
        <test-method is-config="true" signature="beforeClass()[pri:0, instance:testNG.Hotelbooking@6c1a5b54]" started-at="2025-09-01T12:52:35 IST" name="beforeClass" finished-at="2025-09-01T12:52:35 IST" duration-ms="0" status="PASS">
          <reporter-output>
          </reporter-output>
        </test-method> <!-- beforeClass -->
        <test-method is-config="true" signature="beforeMethod()[pri:0, instance:testNG.Hotelbooking@6c1a5b54]" started-at="2025-09-01T12:52:35 IST" name="beforeMethod" finished-at="2025-09-01T12:52:35 IST" duration-ms="1" status="PASS">
          <reporter-output>
          </reporter-output>
        </test-method> <!-- beforeMethod -->
        <test-method signature="hotelbooking()[pri:0, instance:testNG.Hotelbooking@6c1a5b54]" started-at="2025-09-01T12:52:35 IST" name="hotelbooking" finished-at="2025-09-01T12:54:00 IST" duration-ms="84605" status="PASS">
          <reporter-output>
          </reporter-output>
        </test-method> <!-- hotelbooking -->
        <test-method is-config="true" signature="afterClass()[pri:0, instance:testNG.Hotelbooking@6c1a5b54]" started-at="2025-09-01T12:54:00 IST" name="afterClass" finished-at="2025-09-01T12:54:00 IST" duration-ms="0" status="PASS">
          <reporter-output>
          </reporter-output>
        </test-method> <!-- afterClass -->
        <test-method is-config="true" signature="afterMethod()[pri:0, instance:testNG.Hotelbooking@6c1a5b54]" started-at="2025-09-01T12:54:00 IST" name="afterMethod" finished-at="2025-09-01T12:54:00 IST" duration-ms="0" status="PASS">
          <reporter-output>
          </reporter-output>
        </test-method> <!-- afterMethod -->
        <test-method is-config="true" signature="afterTest()[pri:0, instance:testNG.Hotelbooking@6c1a5b54]" started-at="2025-09-01T12:54:00 IST" name="afterTest" finished-at="2025-09-01T12:54:00 IST" duration-ms="10" status="PASS">
          <reporter-output>
          </reporter-output>
        </test-method> <!-- afterTest -->
        <test-method is-config="true" signature="afterSuite()[pri:0, instance:testNG.Hotelbooking@6c1a5b54]" started-at="2025-09-01T12:54:00 IST" name="afterSuite" finished-at="2025-09-01T12:54:00 IST" duration-ms="0" status="PASS">
          <reporter-output>
          </reporter-output>
        </test-method> <!-- afterSuite -->
      </class> <!-- testNG.Hotelbooking -->
    </test> <!-- Functional Testing -->
  </suite> <!-- Functional Testing -->
</testng-results>
